<?xml version="1.0" encoding="UTF-8"?>
<testng-results skipped="0" failed="0" ignored="0" total="3" passed="3">
  <reporter-output>
  </reporter-output>
  <suite name="Default suite" duration-ms="193" started-at="2021-12-11T18:13:09 IST" finished-at="2021-12-11T18:13:10 IST">
    <groups>
    </groups>
    <test name="Default test" duration-ms="193" started-at="2021-12-11T18:13:09 IST" finished-at="2021-12-11T18:13:10 IST">
      <class name="parallelscripts.ClassOneTest">
        <test-method status="PASS" signature="setUp()[pri:0, instance:parallelscripts.ClassOneTest@fdefd3f]" name="setUp" is-config="true" duration-ms="67" started-at="2021-12-11T18:13:09 IST" finished-at="2021-12-11T18:13:10 IST">
          <reporter-output>
          </reporter-output>
        </test-method> <!-- setUp -->
        <test-method status="PASS" signature="methodOne()[pri:0, instance:parallelscripts.ClassOneTest@fdefd3f]" name="methodOne" duration-ms="12" started-at="2021-12-11T18:13:10 IST" finished-at="2021-12-11T18:13:10 IST">
          <reporter-output>
          </reporter-output>
        </test-method> <!-- methodOne -->
        <test-method status="PASS" signature="methodThree()[pri:0, instance:parallelscripts.ClassOneTest@fdefd3f]" name="methodThree" duration-ms="3" started-at="2021-12-11T18:13:10 IST" finished-at="2021-12-11T18:13:10 IST">
          <reporter-output>
          </reporter-output>
        </test-method> <!-- methodThree -->
        <test-method status="PASS" signature="methodTwo()[pri:0, instance:parallelscripts.ClassOneTest@fdefd3f]" name="methodTwo" duration-ms="2" started-at="2021-12-11T18:13:10 IST" finished-at="2021-12-11T18:13:10 IST">
          <reporter-output>
          </reporter-output>
        </test-method> <!-- methodTwo -->
        <test-method status="PASS" signature="tearDown()[pri:0, instance:parallelscripts.ClassOneTest@fdefd3f]" name="tearDown" is-config="true" duration-ms="0" started-at="2021-12-11T18:13:10 IST" finished-at="2021-12-11T18:13:10 IST">
          <reporter-output>
          </reporter-output>
        </test-method> <!-- tearDown -->
      </class> <!-- parallelscripts.ClassOneTest -->
    </test> <!-- Default test -->
  </suite> <!-- Default suite -->
</testng-results>
